1 1.093000 0.000000 0 0
11 7.234000 28.345000 22 47
21 11.573000 76.808000 60 127
31 17.648000 132.958000 106 208
41 23.976000 196.724000 158 311
51 32.723000 264.538000 215 413
61 37.677000 339.352000 277 506
71 44.571000 414.366000 342 572
81 51.885000 493.409000 403 682
91 61.133000 573.523000 455 833
101 66.499000 654.046000 540 967
111 74.804000 744.486000 615 1068
121 83.395000 829.000000 677 1197
131 90.889000 912.711000 746 1299
141 98.879000 1007.833000 830 1372
151 106.820000 1095.925000 904 1534
161 112.152000 1189.176000 999 1760
171 120.025000 1283.672000 1074 1700
181 127.821000 1382.504000 1124 1883
191 138.180000 1480.284000 1252 2009
201 145.814000 1573.584000 1320 2157
211 154.676000 1671.759000 1394 2250
221 164.616000 1773.308000 1496 2397
231 170.818000 1866.848000 1583 2462
241 179.702000 1976.422000 1665 2689
251 186.363000 2083.664000 1788 2612
261 197.505000 2172.342000 1870 3008
271 204.448000 2274.924000 1933 3137
281 213.164000 2380.937000 2009 3112
291 220.063000 2490.338000 2142 3347
301 231.380000 2597.114000 2177 3393
311 237.716000 2698.949000 2333 3526
321 246.387000 2800.484000 2419 3686
331 256.585000 2914.824000 2461 3820
341 263.090000 3024.918000 2606 4045
351 273.813000 3139.060000 2681 4182
361 281.465000 3239.090000 2794 4274
371 292.965000 3341.673000 2869 4363
381 298.679000 3455.717000 2945 4466
391 308.186000 3578.923000 3067 4440
401 316.773000 3673.482000 3140 4787
411 323.448000 3770.518000 3318 4667
421 334.927000 3909.993000 3326 5181
431 342.775000 4021.890000 3482 5035
441 350.568000 4130.614000 3576 5559
451 360.824000 4237.074000 3609 5541
461 369.916000 4350.975000 3756 5397
471 373.047000 4459.834000 3832 5885
481 383.075000 4584.780000 3905 5965
491 390.705000 4686.956000 4093 6033
501 401.391000 4813.266000 4143 6467
511 408.287000 4936.666000 4200 7140
521 419.726000 5054.743000 4373 6548
531 428.355000 5183.638000 4433 6512
541 436.630000 5277.112000 4580 7299
551 446.364000 5411.422000 4525 6797
561 455.709000 5530.544000 4789 6941
571 462.021000 5616.741000 4868 7174
581 472.064000 5733.232000 4959 7545
591 482.160000 5892.976000 5123 7743
601 487.478000 5988.144000 5247 8053
611 497.097000 6113.533000 5287 7687
621 515.569000 6227.860000 5362 8320
631 521.084000 6354.978000 5572 7797
641 534.465000 6497.633000 5546 8264
651 544.096000 6617.854000 5652 8337
661 552.581000 6724.689000 5826 9346
671 565.862000 6835.634000 5936 8991
681 565.550000 6986.223000 6053 8902
691 570.162000 7085.929000 6061 9470
701 584.960000 7222.389000 6273 9483
711 587.795000 7360.874000 6303 9659
721 597.104000 7454.496000 6560 9725
731 603.509000 7565.739000 6623 9685
741 613.064000 7667.230000 6742 9679
751 623.192000 7799.382000 6815 9606
761 634.835000 7965.048000 6974 10741
771 645.054000 8092.581000 7089 10388
781 652.535000 8184.979000 7132 10818
791 661.970000 8296.294000 7238 10154
801 670.004000 8439.542000 7428 10593
811 686.991000 8579.837000 7510 11143
821 705.009000 8706.329000 7491 10944
831 701.716000 8850.133000 7634 11223
841 711.317000 8940.514000 7832 11418
851 716.097000 9061.283000 7954 12547
861 731.415000 9228.191000 8081 12468
871 739.821000 9340.132000 8138 11650
881 744.268000 9487.847000 8269 12156
891 758.749000 9598.390000 8468 12190
901 762.340000 9705.893000 8534 12129
911 770.883000 9807.306000 8584 12147
921 780.510000 9970.473000 8783 12770
931 787.431000 10065.237000 8922 13424
941 800.160000 10239.666000 9055 13274
951 809.405000 10343.568000 9091 14293
961 821.826000 10482.152000 9205 13137
971 840.925000 10632.993000 9430 13322
981 846.843000 10744.051000 9463 13701
991 846.485000 10860.695000 9628 13754
