1 1.033000 0.000000 0 0
11 21.478000 26.338000 20 29
21 39.930000 68.202000 60 74
31 60.234000 116.509000 107 124
41 84.275000 170.750000 154 182
51 103.014000 227.694000 214 238
61 124.606000 286.998000 272 297
71 148.247000 349.848000 334 362
81 169.318000 414.723000 398 428
91 192.420000 481.177000 463 500
101 212.420000 548.790000 527 565
111 235.766000 617.561000 596 634
121 262.611000 687.135000 662 704
131 284.996000 758.180000 738 775
141 306.117000 832.693000 803 852
151 329.870000 907.344000 881 928
161 352.208000 982.181000 957 1003
171 374.271000 1057.916000 1031 1085
181 397.776000 1134.486000 1110 1156
191 419.330000 1211.521000 1184 1236
201 434.959000 1289.683000 1263 1319
211 458.010000 1368.057000 1343 1393
221 485.141000 1447.289000 1417 1473
231 505.574000 1526.441000 1493 1551
241 533.406000 1606.354000 1578 1627
251 555.922000 1685.884000 1656 1709
261 583.752000 1768.523000 1729 1794
271 596.849000 1851.705000 1827 1876
281 620.433000 1936.601000 1900 1963
291 649.895000 2021.385000 1984 2045
301 678.905000 2106.034000 2068 2133
311 705.724000 2190.707000 2144 2220
321 716.725000 2275.772000 2230 2312
331 743.337000 2361.932000 2333 2403
341 765.067000 2447.232000 2407 2476
351 785.323000 2533.976000 2498 2569
361 808.801000 2620.493000 2574 2661
371 835.137000 2706.832000 2661 2739
381 861.479000 2794.171000 2748 2828
391 880.747000 2881.890000 2845 2916
401 904.940000 2970.562000 2931 3007
411 926.467000 3058.755000 3024 3094
421 954.332000 3147.912000 3103 3184
431 975.619000 3237.686000 3188 3273
441 1013.844000 3325.369000 3288 3363
451 1033.968000 3413.939000 3361 3449
461 1060.594000 3504.640000 3468 3546
471 1082.815000 3593.734000 3555 3632
481 1106.604000 3683.385000 3633 3721
491 1138.094000 3774.202000 3734 3813
501 1159.919000 3863.914000 3817 3897
511 1182.529000 3953.743000 3917 3994
521 1229.451000 4047.441000 3995 4091
531 1281.696000 4140.604000 4097 4182
541 1262.816000 4235.015000 4175 4273
551 1274.476000 4330.353000 4291 4375
561 1291.068000 4423.857000 4371 4474
571 1313.944000 4518.246000 4477 4564
581 1353.657000 4613.202000 4567 4663
591 1383.879000 4706.978000 4660 4750
601 1401.542000 4802.731000 4749 4847
611 1436.712000 4897.344000 4840 4941
621 1458.628000 4993.173000 4946 5042
631 1480.840000 5087.235000 5036 5130
641 1497.343000 5181.945000 5126 5230
651 1514.987000 5278.567000 5234 5324
661 1538.560000 5374.990000 5314 5422
671 1574.778000 5470.083000 5418 5521
681 1592.739000 5566.461000 5513 5621
691 1630.595000 5662.370000 5611 5709
701 1654.605000 5759.332000 5703 5802
711 1666.738000 5855.323000 5809 5911
721 1682.974000 5951.010000 5899 5998
731 1729.118000 6047.804000 5989 6098
741 1756.676000 6145.615000 6084 6201
751 1762.645000 6242.328000 6182 6296
761 1783.101000 6337.568000 6272 6385
771 1810.536000 6435.628000 6382 6491
781 1838.156000 6533.976000 6479 6580
791 1860.986000 6631.490000 6578 6681
801 1879.132000 6731.333000 6671 6780
811 1926.486000 6829.231000 6768 6888
821 1952.288000 6927.788000 6870 6977
831 1979.476000 7026.718000 6969 7075
841 2007.974000 7126.114000 7072 7185
851 2027.272000 7224.755000 7170 7279
861 2045.739000 7323.465000 7255 7378
871 2076.351000 7422.070000 7370 7471
881 2101.685000 7521.780000 7465 7571
891 2132.168000 7619.984000 7564 7674
901 2158.633000 7720.768000 7661 7781
911 2167.101000 7818.030000 7758 7865
921 2183.149000 7918.826000 7850 7970
931 2204.962000 8018.788000 7955 8065
941 2225.861000 8118.494000 8073 8176
951 2256.398000 8218.525000 8148 8270
961 2287.534000 8318.295000 8262 8372
971 2329.352000 8416.766000 8358 8472
981 2360.076000 8518.069000 8449 8584
991 2450.430000 8617.272000 8552 8670
