1 1.092000 0.000000 0 0
11 7.185000 28.765000 22 53
21 11.490000 76.200000 59 128
31 17.533000 133.684000 104 217
41 23.674000 196.632000 157 336
51 32.377000 265.440000 212 382
61 37.348000 338.783000 271 502
71 44.440000 413.956000 340 579
81 51.351000 490.663000 402 724
91 60.609000 570.684000 468 792
101 68.958000 654.026000 535 938
111 74.150000 741.750000 614 1121
121 86.212000 833.007000 687 1378
131 90.668000 916.787000 753 1293
141 99.068000 1008.805000 840 1367
151 106.971000 1096.669000 917 1594
161 113.986000 1186.309000 998 1694
171 120.123000 1283.118000 1077 1735
181 130.524000 1377.611000 1142 1848
191 141.681000 1469.695000 1225 1939
201 148.996000 1569.483000 1299 2058
211 157.278000 1669.117000 1370 2248
221 167.719000 1768.260000 1457 2439
231 170.984000 1866.224000 1574 2522
241 182.700000 1972.006000 1675 2506
251 183.893000 2074.108000 1747 2820
261 201.998000 2181.102000 1848 2924
271 204.258000 2274.709000 1917 3377
281 214.109000 2382.951000 2011 3100
291 216.662000 2485.772000 2108 3288
301 226.548000 2593.093000 2237 3363
311 236.273000 2706.063000 2306 3506
321 241.716000 2806.570000 2406 3818
331 252.203000 2916.822000 2475 4176
341 259.549000 3023.593000 2547 4071
351 267.973000 3128.028000 2705 4252
361 277.399000 3235.510000 2803 4599
371 285.333000 3344.128000 2852 4388
381 294.723000 3463.056000 2986 4535
391 302.330000 3561.037000 3035 4761
401 311.883000 3684.128000 3123 4611
411 317.847000 3799.962000 3287 5160
421 333.226000 3889.504000 3316 4840
431 348.580000 4025.620000 3482 5176
441 345.813000 4142.807000 3575 5355
451 359.743000 4249.939000 3725 5713
461 370.384000 4364.724000 3761 5617
471 374.672000 4469.351000 3855 6043
481 389.470000 4567.860000 3989 5867
491 389.697000 4696.974000 3992 6422
